c:\users\pc\documents\unreal projects\boatsim\sonar\sonarsim\sdkmessageexample\x64\release\vc143.pdb
c:\users\pc\documents\unreal projects\boatsim\sonar\sonarsim\sdkmessageexample\x64\release\main.obj
c:\users\pc\documents\unreal projects\boatsim\sonar\sonarsim\sdkmessageexample\x64\release\time.pb.obj
c:\users\pc\documents\unreal projects\boatsim\sonar\sonarsim\sdkmessageexample\x64\release\nmea.pb.obj
c:\users\pc\documents\unreal projects\boatsim\sonar\sonarsim\sdkmessageexample\x64\release\nav_info.pb.obj
c:\users\pc\documents\unreal projects\boatsim\sonar\sonarsim\sdkmessageexample\x64\release\nav_api.pb.obj
c:\users\pc\documents\unreal projects\boatsim\sonar\sonarsim\sdkmessageexample\x64\release\grid_description.pb.obj
c:\users\pc\documents\unreal projects\boatsim\sonar\sonarsim\sdkmessageexample\x64\release\array.pb.obj
c:\users\pc\documents\unreal projects\boatsim\sonar\sonarsim\sdkmessageexample\x64\release\csharedmemmanager.obj
c:\users\pc\documents\unreal projects\boatsim\sonar\sonarsim\sdkmessageexample\x64\release\csharedmem.obj
c:\users\pc\documents\unreal projects\boatsim\sonar\sonarsim\sdkmessageexample\x64\release\cinit.obj
c:\users\pc\documents\unreal projects\boatsim\sonar\sonarsim\sdkmessageexample\x64\release\cflsif.obj
c:\users\pc\documents\unreal projects\boatsim\sonar\sonarsim\sdkmessageexample\x64\release\cflshostlistener.obj
c:\users\pc\documents\unreal projects\boatsim\sonar\sonarsim\x64\release\sonarsimproj.lib
c:\users\pc\documents\unreal projects\boatsim\sonar\sonarsim\x64\release\sonarsimproj.exp
c:\users\pc\documents\unreal projects\boatsim\sonar\sonarsim\x64\release\sonarsimproj.exe
c:\users\pc\documents\unreal projects\boatsim\sonar\sonarsim\sdkmessageexample\x64\release\sonarsimproj.ipdb
c:\users\pc\documents\unreal projects\boatsim\sonar\sonarsim\x64\release\sonarsimproj.pdb
c:\users\pc\documents\unreal projects\boatsim\sonar\sonarsim\sdkmessageexample\x64\release\sonarsimproj.iobj
c:\users\pc\documents\unreal projects\boatsim\sonar\sonarsim\sdkmessageexample\x64\release\sonarsimproj.tlog\cl.command.1.tlog
c:\users\pc\documents\unreal projects\boatsim\sonar\sonarsim\sdkmessageexample\x64\release\sonarsimproj.tlog\cl.items.tlog
c:\users\pc\documents\unreal projects\boatsim\sonar\sonarsim\sdkmessageexample\x64\release\sonarsimproj.tlog\cl.read.1.tlog
c:\users\pc\documents\unreal projects\boatsim\sonar\sonarsim\sdkmessageexample\x64\release\sonarsimproj.tlog\cl.write.1.tlog
c:\users\pc\documents\unreal projects\boatsim\sonar\sonarsim\sdkmessageexample\x64\release\sonarsimproj.tlog\link.command.1.tlog
c:\users\pc\documents\unreal projects\boatsim\sonar\sonarsim\sdkmessageexample\x64\release\sonarsimproj.tlog\link.read.1.tlog
c:\users\pc\documents\unreal projects\boatsim\sonar\sonarsim\sdkmessageexample\x64\release\sonarsimproj.tlog\link.write.1.tlog
c:\users\pc\documents\unreal projects\boatsim\sonar\sonarsim\sdkmessageexample\x64\release\sonarsimproj.tlog\link.write.2u.tlog
