c:\users\pc\documents\unreal projects\boatsim\radarsimsdk\radarsimsdk\x64\debug\vc143.pdb
c:\users\pc\documents\unreal projects\boatsim\radarsimsdk\radarsimsdk\x64\debug\vc143.idb
c:\users\pc\documents\unreal projects\boatsim\radarsimsdk\radarsimsdk\x64\debug\radarsimsdk.obj
c:\users\pc\documents\unreal projects\boatsim\radarsimsdk\radarsimsdk\x64\debug\idataif.obj
c:\users\pc\documents\unreal projects\boatsim\radarsimsdk\radarsimsdk\x64\debug\iconnection.obj
c:\users\pc\documents\unreal projects\boatsim\radarsimsdk\radarsimsdk\x64\debug\targettrackingclient.obj
c:\users\pc\documents\unreal projects\boatsim\radarsimsdk\radarsimsdk\x64\debug\imageclient.obj
c:\users\pc\documents\unreal projects\boatsim\radarsimsdk\radarsimsdk\x64\debug\cwinudpsocket.obj
c:\users\pc\documents\unreal projects\boatsim\radarsimsdk\radarsimsdk\x64\debug\chost.obj
c:\users\pc\documents\unreal projects\boatsim\radarsimsdk\radarsimsdk\x64\debug\chalo24simif.obj
c:\users\pc\documents\unreal projects\boatsim\radarsimsdk\radarsimsdk\x64\debug\cboatsimlistener.obj
c:\users\pc\documents\unreal projects\boatsim\radarsimsdk\radarsimsdk\x64\debug\radarsimsdk.exe
c:\users\pc\documents\unreal projects\boatsim\radarsimsdk\radarsimsdk\x64\debug\radarsimsdk.ilk
c:\users\pc\documents\unreal projects\boatsim\radarsimsdk\radarsimsdk\x64\debug\radarsimsdk.pdb
c:\users\pc\documents\unreal projects\boatsim\radarsimsdk\radarsimsdk\x64\debug\multiradarclient.obj
c:\users\pc\documents\unreal projects\boatsim\radarsimsdk\radarsimsdk\x64\debug\radarsimsdk.tlog\cl.command.1.tlog
c:\users\pc\documents\unreal projects\boatsim\radarsimsdk\radarsimsdk\x64\debug\radarsimsdk.tlog\cl.items.tlog
c:\users\pc\documents\unreal projects\boatsim\radarsimsdk\radarsimsdk\x64\debug\radarsimsdk.tlog\cl.read.1.tlog
c:\users\pc\documents\unreal projects\boatsim\radarsimsdk\radarsimsdk\x64\debug\radarsimsdk.tlog\cl.write.1.tlog
c:\users\pc\documents\unreal projects\boatsim\radarsimsdk\radarsimsdk\x64\debug\radarsimsdk.tlog\link.command.1.tlog
c:\users\pc\documents\unreal projects\boatsim\radarsimsdk\radarsimsdk\x64\debug\radarsimsdk.tlog\link.read.1.tlog
c:\users\pc\documents\unreal projects\boatsim\radarsimsdk\radarsimsdk\x64\debug\radarsimsdk.tlog\link.write.1.tlog
