  GStreamSender.cpp
C:\Users\Pc\Documents\Unreal Projects\BoatSim\GSteamTransfer\GStream\CMath.h(11,20): warning C4244: 'return': conversion from 'INT16S' to 'INT8U', possible loss of data
C:\Users\Pc\Documents\Unreal Projects\BoatSim\GSteamTransfer\GStream\CMath.h(14,20): warning C4244: 'return': conversion from 'INT16S' to 'INT8U', possible loss of data
C:\Users\Pc\Documents\Unreal Projects\BoatSim\GSteamTransfer\GStream\CMath.h(17,16): warning C4244: 'return': conversion from 'INT16S' to 'INT8U', possible loss of data
C:\Users\Pc\Documents\Unreal Projects\BoatSim\GSteamTransfer\GStream\CMath.h(29,20): warning C4244: 'initializing': conversion from 'float' to 'INT16S', possible loss of data
C:\Users\Pc\Documents\Unreal Projects\BoatSim\GSteamTransfer\GStream\GStreamSender.cpp(289,18): warning C4305: 'return': truncation from 'int' to 'bool'
C:\Users\Pc\Documents\Unreal Projects\BoatSim\GSteamTransfer\GStream\GStreamSender.cpp(297,18): warning C4305: 'return': truncation from 'int' to 'bool'
C:\Users\Pc\Documents\Unreal Projects\BoatSim\GSteamTransfer\GStream\GStreamSender.cpp(272,13): warning C4101: 'raw_data': unreferenced local variable
C:\Users\Pc\Documents\Unreal Projects\BoatSim\GSteamTransfer\GStream\GStreamSender.cpp(271,16): warning C4101: 'map': unreferenced local variable
C:\Users\Pc\Documents\Unreal Projects\BoatSim\GSteamTransfer\GStream\GStreamSender.cpp(270,19): warning C4101: 'ret': unreferenced local variable
C:\Users\Pc\Documents\Unreal Projects\BoatSim\GSteamTransfer\GStream\GStreamSender.cpp(269,16): warning C4101: 'buffer': unreferenced local variable
C:\Users\Pc\Documents\Unreal Projects\BoatSim\GSteamTransfer\GStream\GStreamSender.cpp(346,37): warning C4267: 'argument': conversion from 'size_t' to 'int', possible loss of data
C:\Users\Pc\Documents\Unreal Projects\BoatSim\GSteamTransfer\GStream\GStreamSender.cpp(364,27): warning C4244: 'initializing': conversion from 'double' to 'float', possible loss of data
C:\Users\Pc\Documents\Unreal Projects\BoatSim\GSteamTransfer\GStream\GStreamSender.cpp(365,26): warning C4244: 'initializing': conversion from 'double' to 'float', possible loss of data
C:\Users\Pc\Documents\Unreal Projects\BoatSim\GSteamTransfer\GStream\GStreamSender.cpp(368,58): warning C4244: '+=': conversion from 'double' to 'float', possible loss of data
C:\Users\Pc\Documents\Unreal Projects\BoatSim\GSteamTransfer\GStream\GStreamSender.cpp(383,68): warning C4244: '=': conversion from 'double' to 'INT8U', possible loss of data
C:\Users\Pc\Documents\Unreal Projects\BoatSim\GSteamTransfer\GStream\GStreamSender.cpp(409,60): warning C4244: '=': conversion from 'float' to 'INT16S', possible loss of data
C:\Users\Pc\Documents\Unreal Projects\BoatSim\GSteamTransfer\GStream\GStreamSender.cpp(410,60): warning C4244: '=': conversion from 'float' to 'INT16S', possible loss of data
C:\Users\Pc\Documents\Unreal Projects\BoatSim\GSteamTransfer\GStream\GStreamSender.cpp(411,60): warning C4244: '=': conversion from 'float' to 'INT16S', possible loss of data
C:\Users\Pc\Documents\Unreal Projects\BoatSim\GSteamTransfer\GStream\GStreamSender.cpp(432,42): warning C4267: 'initializing': conversion from 'size_t' to 'int', possible loss of data
C:\Users\Pc\Documents\Unreal Projects\BoatSim\GSteamTransfer\GStream\GStreamSender.cpp(460,40): warning C4267: 'initializing': conversion from 'size_t' to 'int', possible loss of data
C:\Users\Pc\Documents\Unreal Projects\BoatSim\GSteamTransfer\GStream\GStreamSender.cpp(374,11): warning C4101: 'curr_pixel': unreferenced local variable
  GStream.vcxproj -> C:\Users\Pc\Documents\Unreal Projects\BoatSim\GSteamTransfer\GStream\x64\Debug\GStream.exe
