  CHalo24SimIF.cpp
C:\Users\Pc\Documents\Unreal Projects\BoatSim\RadarSimSDK\RadarSimSDK\Lib\Types\Halo24Types.h(661,1): warning C4267: '=': conversion from 'size_t' to 'INT8U', possible loss of data
  CHost.cpp
C:\Users\Pc\Documents\Unreal Projects\BoatSim\RadarSimSDK\RadarSimSDK\Lib\Types\Halo24Types.h(661,1): warning C4267: '=': conversion from 'size_t' to 'INT8U', possible loss of data
C:\Users\Pc\Documents\Unreal Projects\BoatSim\RadarSimSDK\RadarSimSDK\CHost.cpp(107,27): warning C4018: '<': signed/unsigned mismatch
C:\Users\Pc\Documents\Unreal Projects\BoatSim\RadarSimSDK\RadarSimSDK\CHost.cpp(112,144): warning C4267: 'argument': conversion from 'size_t' to 'unsigned int', possible loss of data
C:\Users\Pc\Documents\Unreal Projects\BoatSim\RadarSimSDK\RadarSimSDK\CHost.cpp(150,27): warning C4018: '<': signed/unsigned mismatch
C:\Users\Pc\Documents\Unreal Projects\BoatSim\RadarSimSDK\RadarSimSDK\CHost.cpp(169,27): warning C4018: '<': signed/unsigned mismatch
C:\Users\Pc\Documents\Unreal Projects\BoatSim\RadarSimSDK\RadarSimSDK\CHost.cpp(236,26): warning C4018: '<': signed/unsigned mismatch
C:\Users\Pc\Documents\Unreal Projects\BoatSim\RadarSimSDK\RadarSimSDK\CHost.cpp(247,26): warning C4018: '<': signed/unsigned mismatch
C:\Users\Pc\Documents\Unreal Projects\BoatSim\RadarSimSDK\RadarSimSDK\CHost.cpp(258,26): warning C4018: '<': signed/unsigned mismatch
C:\Users\Pc\Documents\Unreal Projects\BoatSim\RadarSimSDK\RadarSimSDK\CHost.cpp(270,26): warning C4018: '<': signed/unsigned mismatch
C:\Users\Pc\Documents\Unreal Projects\BoatSim\RadarSimSDK\RadarSimSDK\CHost.cpp(282,26): warning C4018: '<': signed/unsigned mismatch
C:\Users\Pc\Documents\Unreal Projects\BoatSim\RadarSimSDK\RadarSimSDK\CHost.cpp(294,26): warning C4018: '<': signed/unsigned mismatch
C:\Users\Pc\Documents\Unreal Projects\BoatSim\RadarSimSDK\RadarSimSDK\CHost.cpp(306,26): warning C4018: '<': signed/unsigned mismatch
C:\Users\Pc\Documents\Unreal Projects\BoatSim\RadarSimSDK\RadarSimSDK\CHost.cpp(318,26): warning C4018: '<': signed/unsigned mismatch
C:\Users\Pc\Documents\Unreal Projects\BoatSim\RadarSimSDK\RadarSimSDK\CHost.cpp(331,26): warning C4018: '<': signed/unsigned mismatch
C:\Users\Pc\Documents\Unreal Projects\BoatSim\RadarSimSDK\RadarSimSDK\CHost.cpp(361,26): warning C4018: '<': signed/unsigned mismatch
C:\Users\Pc\Documents\Unreal Projects\BoatSim\RadarSimSDK\RadarSimSDK\CHost.cpp(379,26): warning C4018: '<': signed/unsigned mismatch
C:\Users\Pc\Documents\Unreal Projects\BoatSim\RadarSimSDK\RadarSimSDK\CHost.cpp(395,26): warning C4018: '<': signed/unsigned mismatch
C:\Users\Pc\Documents\Unreal Projects\BoatSim\RadarSimSDK\RadarSimSDK\CHost.cpp(416,26): warning C4018: '<': signed/unsigned mismatch
C:\Users\Pc\Documents\Unreal Projects\BoatSim\RadarSimSDK\RadarSimSDK\CHost.cpp(444,26): warning C4018: '<': signed/unsigned mismatch
C:\Users\Pc\Documents\Unreal Projects\BoatSim\RadarSimSDK\RadarSimSDK\CHost.cpp(453,26): warning C4018: '<': signed/unsigned mismatch
C:\Users\Pc\Documents\Unreal Projects\BoatSim\RadarSimSDK\RadarSimSDK\CHost.cpp(463,26): warning C4018: '<': signed/unsigned mismatch
C:\Users\Pc\Documents\Unreal Projects\BoatSim\RadarSimSDK\RadarSimSDK\CHost.cpp(478,26): warning C4018: '<': signed/unsigned mismatch
C:\Users\Pc\Documents\Unreal Projects\BoatSim\RadarSimSDK\RadarSimSDK\CHost.cpp(480,44): warning C4244: 'argument': conversion from 'double' to 'uint32_t', possible loss of data
C:\Users\Pc\Documents\Unreal Projects\BoatSim\RadarSimSDK\RadarSimSDK\CHost.cpp(483,26): warning C4018: '<': signed/unsigned mismatch
  ImageClient.cpp
C:\Users\Pc\Documents\Unreal Projects\BoatSim\RadarSimSDK\RadarSimSDK\Lib\Types\Halo24Types.h(661,1): warning C4267: '=': conversion from 'size_t' to 'INT8U', possible loss of data
C:\Users\Pc\Documents\Unreal Projects\BoatSim\RadarSimSDK\RadarSimSDK\Halo24SDK\include\MultiRadarClient.h(164,5): warning C4267: '=': conversion from 'size_t' to 'INT8U', possible loss of data
C:\Users\Pc\Documents\Unreal Projects\BoatSim\RadarSimSDK\RadarSimSDK\Halo24SDK\include\ImageClient.cpp(25,115): message : see reference to function template instantiation 'void Navico::Protocol::SRadar::SendPacket<SConnectRadar>(ESimSDKDataIDS,char *,T *)' being compiled
          with
          [
              T=SConnectRadar
          ]
  MultiRadarClient.cpp
C:\Users\Pc\Documents\Unreal Projects\BoatSim\RadarSimSDK\RadarSimSDK\Lib\Types\Halo24Types.h(661,1): warning C4267: '=': conversion from 'size_t' to 'INT8U', possible loss of data
C:\Users\Pc\Documents\Unreal Projects\BoatSim\RadarSimSDK\RadarSimSDK\Halo24SDK\include\MultiRadarClient.cpp(116,53): warning C4267: '=': conversion from 'size_t' to 'INT8U', possible loss of data
  TargetTrackingClient.cpp
C:\Users\Pc\Documents\Unreal Projects\BoatSim\RadarSimSDK\RadarSimSDK\Lib\Types\Halo24Types.h(661,1): warning C4267: '=': conversion from 'size_t' to 'INT8U', possible loss of data
C:\Users\Pc\Documents\Unreal Projects\BoatSim\RadarSimSDK\RadarSimSDK\Halo24SDK\include\TargetTrackingClient.cpp(130,41): warning C4244: '=': conversion from 'float' to 'INT32U', possible loss of data
C:\Users\Pc\Documents\Unreal Projects\BoatSim\RadarSimSDK\RadarSimSDK\Halo24SDK\include\TargetTrackingClient.cpp(132,40): warning C4244: '=': conversion from 'float' to 'INT32U', possible loss of data
C:\Users\Pc\Documents\Unreal Projects\BoatSim\RadarSimSDK\RadarSimSDK\Halo24SDK\include\TargetTrackingClient.cpp(134,34): warning C4244: '=': conversion from 'float' to 'INT32S', possible loss of data
C:\Users\Pc\Documents\Unreal Projects\BoatSim\RadarSimSDK\RadarSimSDK\Halo24SDK\include\MultiRadarClient.h(164,5): warning C4267: '=': conversion from 'size_t' to 'INT8U', possible loss of data
C:\Users\Pc\Documents\Unreal Projects\BoatSim\RadarSimSDK\RadarSimSDK\Halo24SDK\include\TargetTrackingClient.cpp(23,123): message : see reference to function template instantiation 'void Navico::Protocol::SRadar::SendPacket<SConnectTrackingClientPayload>(ESimSDKDataIDS,char *,T *)' being compiled
          with
          [
              T=SConnectTrackingClientPayload
          ]
  RadarSimSDK.cpp
C:\Users\Pc\Documents\Unreal Projects\BoatSim\RadarSimSDK\RadarSimSDK\Lib\Types\Halo24Types.h(661,1): warning C4267: '=': conversion from 'size_t' to 'INT8U', possible loss of data
  Generating Code...
  RadarSimSDK.vcxproj -> C:\Users\Pc\Documents\Unreal Projects\BoatSim\RadarSimSDK\RadarSimSDK\x64\Debug\RadarSimSDK.exe
